  matrix.cpp
D:\c++\lab_4\matrix.cpp(25,5): error C2065: “T”: 未声明的标识符
D:\c++\lab_4\matrix.cpp(25,1): error C2923: “MAT”: 对于参数“T”，“T”不是有效的 模板 类型变量
D:\c++\lab_4\matrix.cpp(25,9): error C2955: “MAT”: 使用 类 模板 需要 模板 参数列表
D:\c++\lab_4\matrix.h(9): message : 参见“MAT”的声明
D:\c++\lab_4\matrix.cpp(25,26): error C2509: “{ctor}”: 成员函数没有在“MAT”中声明
D:\c++\lab_4\matrix.h(9): message : 参见“MAT”的声明
D:\c++\lab_4\matrix.cpp(30,5): error C2065: “T”: 未声明的标识符
D:\c++\lab_4\matrix.cpp(30,1): error C2923: “MAT”: 对于参数“T”，“T”不是有效的 模板 类型变量
D:\c++\lab_4\matrix.cpp(30,9): error C2955: “MAT”: 使用 类 模板 需要 模板 参数列表
D:\c++\lab_4\matrix.h(9): message : 参见“MAT”的声明
D:\c++\lab_4\matrix.cpp(30,26): error C2509: “{ctor}”: 成员函数没有在“MAT”中声明
D:\c++\lab_4\matrix.h(9): message : 参见“MAT”的声明
D:\c++\lab_4\matrix.cpp(37,5): error C2065: “T”: 未声明的标识符
D:\c++\lab_4\matrix.cpp(37,1): error C2923: “MAT”: 对于参数“T”，“T”不是有效的 模板 类型变量
D:\c++\lab_4\matrix.cpp(37,9): error C2955: “MAT”: 使用 类 模板 需要 模板 参数列表
D:\c++\lab_4\matrix.h(9): message : 参见“MAT”的声明
D:\c++\lab_4\matrix.cpp(37,21): error C2509: “{ctor}”: 成员函数没有在“MAT”中声明
D:\c++\lab_4\matrix.h(9): message : 参见“MAT”的声明
D:\c++\lab_4\matrix.cpp(46,2): error C2143: 语法错误: 缺少“;”(在“*”的前面)
D:\c++\lab_4\matrix.cpp(46,2): error C4430: 缺少类型说明符 - 假定为 int。注意: C++ 不支持默认 int
D:\c++\lab_4\matrix.cpp(46,10): error C2923: “MAT”: 对于参数“T”，“T”不是有效的 模板 类型变量
D:\c++\lab_4\matrix.cpp(46): message : 参见“T”的声明
D:\c++\lab_4\matrix.cpp(46,18): error C2955: “MAT”: 使用 类 模板 需要 模板 参数列表
D:\c++\lab_4\matrix.h(9): message : 参见“MAT”的声明
D:\c++\lab_4\matrix.cpp(46,36): error C2761: “T *const MAT<T>::operator [](int)”: 不允许重新声明成员
D:\c++\lab_4\matrix.cpp(46,36): error C2059: 语法错误:“{”
D:\c++\lab_4\matrix.cpp(46,36): error C2143: 语法错误: 缺少“;”(在“{”的前面)
D:\c++\lab_4\matrix.cpp(46,36): error C2447: “{”: 缺少函数标题(是否是老式的形式表?)
D:\c++\lab_4\matrix.cpp(50,5): error C2923: “MAT”: 对于参数“T”，“T”不是有效的 模板 类型变量
D:\c++\lab_4\matrix.cpp(46): message : 参见“T”的声明
D:\c++\lab_4\matrix.cpp(50,13): error C2955: “MAT”: 使用 类 模板 需要 模板 参数列表
D:\c++\lab_4\matrix.h(9): message : 参见“MAT”的声明
D:\c++\lab_4\matrix.cpp(50,38): error C2509: “+=”: 成员函数没有在“MAT”中声明
D:\c++\lab_4\matrix.h(9): message : 参见“MAT”的声明
D:\c++\lab_4\matrix.cpp(62,5): error C2923: “MAT”: 对于参数“T”，“T”不是有效的 模板 类型变量
D:\c++\lab_4\matrix.cpp(46): message : 参见“T”的声明
D:\c++\lab_4\matrix.cpp(62,13): error C2955: “MAT”: 使用 类 模板 需要 模板 参数列表
D:\c++\lab_4\matrix.h(9): message : 参见“MAT”的声明
D:\c++\lab_4\matrix.cpp(62,42): error C2509: “+”: 成员函数没有在“MAT”中声明
D:\c++\lab_4\matrix.h(9): message : 参见“MAT”的声明
D:\c++\lab_4\matrix.cpp(75,5): error C2923: “MAT”: 对于参数“T”，“T”不是有效的 模板 类型变量
D:\c++\lab_4\matrix.cpp(46): message : 参见“T”的声明
D:\c++\lab_4\matrix.cpp(75,13): error C2955: “MAT”: 使用 类 模板 需要 模板 参数列表
D:\c++\lab_4\matrix.h(9): message : 参见“MAT”的声明
D:\c++\lab_4\matrix.cpp(75,43): error C2509: “-”: 成员函数没有在“MAT”中声明
D:\c++\lab_4\matrix.h(9): message : 参见“MAT”的声明
D:\c++\lab_4\matrix.cpp(89,5): error C2923: “MAT”: 对于参数“T”，“T”不是有效的 模板 类型变量
D:\c++\lab_4\matrix.cpp(46): message : 参见“T”的声明
D:\c++\lab_4\matrix.cpp(89,13): error C2955: “MAT”: 使用 类 模板 需要 模板 参数列表
D:\c++\lab_4\matrix.h(9): message : 参见“MAT”的声明
D:\c++\lab_4\matrix.cpp(89,38): error C2509: “-=”: 成员函数没有在“MAT”中声明
D:\c++\lab_4\matrix.h(9): message : 参见“MAT”的声明
D:\c++\lab_4\matrix.cpp(102,5): error C2923: “MAT”: 对于参数“T”，“T”不是有效的 模板 类型变量
D:\c++\lab_4\matrix.cpp(46): message : 参见“T”的声明
D:\c++\lab_4\matrix.cpp(102,13): error C2955: “MAT”: 使用 类 模板 需要 模板 参数列表
D:\c++\lab_4\matrix.h(9): message : 参见“MAT”的声明
D:\c++\lab_4\matrix.cpp(102,13): error C2143: 语法错误: 缺少“;”(在“MAT<T>::operator *”的前面)
D:\c++\lab_4\matrix.cpp(102,22): error C4430: 缺少类型说明符 - 假定为 int。注意: C++ 不支持默认 int
D:\c++\lab_4\matrix.cpp(102,37): error C2509: “*”: 成员函数没有在“MAT”中声明
D:\c++\lab_4\matrix.h(9): message : 参见“MAT”的声明
D:\c++\lab_4\matrix.cpp(114,5): error C2923: “MAT”: 对于参数“T”，“T”不是有效的 模板 类型变量
D:\c++\lab_4\matrix.cpp(46): message : 参见“T”的声明
D:\c++\lab_4\matrix.cpp(114,13): error C2955: “MAT”: 使用 类 模板 需要 模板 参数列表
D:\c++\lab_4\matrix.h(9): message : 参见“MAT”的声明
D:\c++\lab_4\matrix.cpp(114,36): error C2509: “=”: 成员函数没有在“MAT”中声明
D:\c++\lab_4\matrix.h(9): message : 参见“MAT”的声明
D:\c++\lab_4\matrix.cpp(121,5): error C2923: “MAT”: 对于参数“T”，“T”不是有效的 模板 类型变量
D:\c++\lab_4\matrix.cpp(46): message : 参见“T”的声明
D:\c++\lab_4\matrix.cpp(121,13): error C2955: “MAT”: 使用 类 模板 需要 模板 参数列表
D:\c++\lab_4\matrix.h(9): message : 参见“MAT”的声明
D:\c++\lab_4\matrix.cpp(121,32): error C2509: “=”: 成员函数没有在“MAT”中声明
D:\c++\lab_4\matrix.h(9): message : 参见“MAT”的声明
